time="2024-04-16T21:24:09+05:00" level=info msg="Load config" func="main.main()" file="main.go:31"
time="2024-04-16T21:24:09+05:00" level=info msg="Creat logger" func="main.main()" file="main.go:32"
time="2024-04-16T21:24:09+05:00" level=info msg="Migrations database Postgres" func="main.main()" file="main.go:35"
time="2024-04-16T21:24:10+05:00" level=info msg="Connection database Postgres" func="main.main()" file="main.go:51"
time="2024-04-16T21:24:10+05:00" level=info msg="Create router" func="main.main()" file="main.go:60"
time="2024-04-16T21:24:10+05:00" level=info msg="Listen tcp" func="main.main()" file="main.go:64"
time="2024-04-16T21:24:10+05:00" level=info msg="Запуск веб-сервера на http: 127.0.0.1:4000" func="main.main()" file="main.go:76"
time="2024-04-16T21:34:21+05:00" level=info msg="Load config" func="main.main()" file="main.go:31"
time="2024-04-16T21:34:21+05:00" level=info msg="Creat logger" func="main.main()" file="main.go:32"
time="2024-04-16T21:34:21+05:00" level=info msg="Migrations database Postgres" func="main.main()" file="main.go:35"
time="2024-04-16T21:34:21+05:00" level=info msg="Connection database Postgres" func="main.main()" file="main.go:51"
time="2024-04-16T21:34:21+05:00" level=info msg="Create router" func="main.main()" file="main.go:60"
time="2024-04-16T21:34:21+05:00" level=info msg="Listen tcp" func="main.main()" file="main.go:64"
time="2024-04-16T21:34:21+05:00" level=info msg="Запуск веб-сервера на http: 127.0.0.1:4000" func="main.main()" file="main.go:76"
time="2024-04-22T21:40:42+05:00" level=info msg="Load config" func="main.main()" file="main.go:31"
time="2024-04-22T21:40:42+05:00" level=info msg="Creat logger" func="main.main()" file="main.go:32"
time="2024-04-22T21:40:42+05:00" level=info msg="Migrations database Postgres" func="main.main()" file="main.go:35"
time="2024-04-22T21:40:42+05:00" level=info msg="Connection database Postgres" func="main.main()" file="main.go:51"
time="2024-04-22T21:40:42+05:00" level=info msg="Create router" func="main.main()" file="main.go:60"
time="2024-04-22T21:40:42+05:00" level=info msg="Listen tcp" func="main.main()" file="main.go:64"
time="2024-04-22T21:40:42+05:00" level=info msg="Запуск веб-сервера на http: 127.0.0.1:4000" func="main.main()" file="main.go:76"
time="2024-04-22T21:59:06+05:00" level=info msg="Load config" func="main.main()" file="main.go:31"
time="2024-04-22T21:59:06+05:00" level=info msg="Creat logger" func="main.main()" file="main.go:32"
time="2024-04-22T21:59:06+05:00" level=info msg="Migrations database Postgres" func="main.main()" file="main.go:35"
time="2024-04-22T21:59:06+05:00" level=info msg="Connection database Postgres" func="main.main()" file="main.go:51"
time="2024-04-22T21:59:06+05:00" level=info msg="Create router" func="main.main()" file="main.go:60"
time="2024-04-22T21:59:06+05:00" level=info msg="Listen tcp" func="main.main()" file="main.go:64"
time="2024-04-22T21:59:06+05:00" level=info msg="Запуск веб-сервера на http: 127.0.0.1:4000" func="main.main()" file="main.go:76"
time="2024-04-22T22:05:15+05:00" level=info msg="Load config" func="main.main()" file="main.go:31"
time="2024-04-22T22:05:15+05:00" level=info msg="Creat logger" func="main.main()" file="main.go:32"
time="2024-04-22T22:05:15+05:00" level=info msg="Migrations database Postgres" func="main.main()" file="main.go:35"
time="2024-04-22T22:05:15+05:00" level=info msg="Connection database Postgres" func="main.main()" file="main.go:51"
time="2024-04-22T22:05:15+05:00" level=info msg="Create router" func="main.main()" file="main.go:60"
time="2024-04-22T22:05:15+05:00" level=info msg="Listen tcp" func="main.main()" file="main.go:64"
time="2024-04-22T22:05:15+05:00" level=info msg="Запуск веб-сервера на http: 127.0.0.1:4000" func="main.main()" file="main.go:76"
time="2024-04-22T22:05:21+05:00" level=info msg="ОШИБКА: ошибка синтаксиса (примерное положение: \"cc\") (SQLSTATE 42601)" func="api_catalog_car/internal/database.(*DB).IssuanceCatalog()" file="catalog.go:37"
time="2024-04-22T22:05:21+05:00" level=info msg="ОШИБКА: ошибка синтаксиса (примерное положение: \"cc\") (SQLSTATE 42601)" func="api_catalog_car/internal/api.(*Api).PageCatalogGet()" file="handler.go:43"
time="2024-04-22T22:06:20+05:00" level=info msg="Load config" func="main.main()" file="main.go:31"
time="2024-04-22T22:06:20+05:00" level=info msg="Creat logger" func="main.main()" file="main.go:32"
time="2024-04-22T22:06:20+05:00" level=info msg="Migrations database Postgres" func="main.main()" file="main.go:35"
time="2024-04-22T22:06:20+05:00" level=info msg="Connection database Postgres" func="main.main()" file="main.go:51"
time="2024-04-22T22:06:20+05:00" level=info msg="Create router" func="main.main()" file="main.go:60"
time="2024-04-22T22:06:20+05:00" level=info msg="Listen tcp" func="main.main()" file="main.go:64"
time="2024-04-22T22:06:20+05:00" level=info msg="Запуск веб-сервера на http: 127.0.0.1:4000" func="main.main()" file="main.go:76"
time="2024-04-22T22:11:17+05:00" level=info msg="Load config" func="main.main()" file="main.go:31"
time="2024-04-22T22:11:17+05:00" level=info msg="Creat logger" func="main.main()" file="main.go:32"
time="2024-04-22T22:11:17+05:00" level=info msg="Migrations database Postgres" func="main.main()" file="main.go:35"
time="2024-04-22T22:11:17+05:00" level=info msg="Connection database Postgres" func="main.main()" file="main.go:51"
time="2024-04-22T22:11:17+05:00" level=info msg="Create router" func="main.main()" file="main.go:60"
time="2024-04-22T22:11:17+05:00" level=info msg="Listen tcp" func="main.main()" file="main.go:64"
time="2024-04-22T22:11:17+05:00" level=info msg="Запуск веб-сервера на http: 127.0.0.1:4000" func="main.main()" file="main.go:76"
time="2024-04-22T22:12:02+05:00" level=info msg="Load config" func="main.main()" file="main.go:31"
time="2024-04-22T22:12:02+05:00" level=info msg="Creat logger" func="main.main()" file="main.go:32"
time="2024-04-22T22:12:02+05:00" level=info msg="Migrations database Postgres" func="main.main()" file="main.go:35"
time="2024-04-22T22:12:02+05:00" level=info msg="Connection database Postgres" func="main.main()" file="main.go:51"
time="2024-04-22T22:12:02+05:00" level=info msg="Create router" func="main.main()" file="main.go:60"
time="2024-04-22T22:12:02+05:00" level=info msg="Listen tcp" func="main.main()" file="main.go:64"
time="2024-04-22T22:12:02+05:00" level=info msg="Запуск веб-сервера на http: 127.0.0.1:4000" func="main.main()" file="main.go:76"
time="2024-04-22T22:12:11+05:00" level=info msg="ОШИБКА: ошибка синтаксиса (примерное положение: \"WHERE\") (SQLSTATE 42601)" func="api_catalog_car/internal/database.(*DB).IssuanceCatalogSort()" file="catalog.go:106"
time="2024-04-22T22:13:13+05:00" level=info msg="Load config" func="main.main()" file="main.go:31"
time="2024-04-22T22:13:14+05:00" level=info msg="Creat logger" func="main.main()" file="main.go:32"
time="2024-04-22T22:13:14+05:00" level=info msg="Migrations database Postgres" func="main.main()" file="main.go:35"
time="2024-04-22T22:13:14+05:00" level=info msg="Connection database Postgres" func="main.main()" file="main.go:51"
time="2024-04-22T22:13:14+05:00" level=info msg="Create router" func="main.main()" file="main.go:60"
time="2024-04-22T22:13:14+05:00" level=info msg="Listen tcp" func="main.main()" file="main.go:64"
time="2024-04-22T22:13:14+05:00" level=info msg="Запуск веб-сервера на http: 127.0.0.1:4000" func="main.main()" file="main.go:76"
time="2024-04-22T22:13:37+05:00" level=info msg="ОШИБКА: оператор не существует: character varying = integer (SQLSTATE 42883)" func="api_catalog_car/internal/database.(*DB).IssuanceCatalogSort()" file="catalog.go:106"
time="2024-04-22T22:15:56+05:00" level=info msg="Load config" func="main.main()" file="main.go:31"
time="2024-04-22T22:15:56+05:00" level=info msg="Creat logger" func="main.main()" file="main.go:32"
time="2024-04-22T22:15:56+05:00" level=info msg="Migrations database Postgres" func="main.main()" file="main.go:35"
time="2024-04-22T22:15:56+05:00" level=info msg="Connection database Postgres" func="main.main()" file="main.go:51"
time="2024-04-22T22:15:56+05:00" level=info msg="Create router" func="main.main()" file="main.go:60"
time="2024-04-22T22:15:56+05:00" level=info msg="Listen tcp" func="main.main()" file="main.go:64"
time="2024-04-22T22:15:56+05:00" level=info msg="Запуск веб-сервера на http: 127.0.0.1:4000" func="main.main()" file="main.go:76"
time="2024-04-22T22:16:56+05:00" level=info msg="Load config" func="main.main()" file="main.go:31"
time="2024-04-22T22:16:56+05:00" level=info msg="Creat logger" func="main.main()" file="main.go:32"
time="2024-04-22T22:16:56+05:00" level=info msg="Migrations database Postgres" func="main.main()" file="main.go:35"
time="2024-04-22T22:16:57+05:00" level=info msg="Connection database Postgres" func="main.main()" file="main.go:51"
time="2024-04-22T22:16:57+05:00" level=info msg="Create router" func="main.main()" file="main.go:60"
time="2024-04-22T22:16:57+05:00" level=info msg="Listen tcp" func="main.main()" file="main.go:64"
time="2024-04-22T22:16:57+05:00" level=info msg="Запуск веб-сервера на http: 127.0.0.1:4000" func="main.main()" file="main.go:76"
time="2024-04-22T22:19:35+05:00" level=info msg="Load config" func="main.main()" file="main.go:31"
time="2024-04-22T22:19:35+05:00" level=info msg="Creat logger" func="main.main()" file="main.go:32"
time="2024-04-22T22:19:35+05:00" level=info msg="Migrations database Postgres" func="main.main()" file="main.go:35"
time="2024-04-22T22:19:35+05:00" level=info msg="Connection database Postgres" func="main.main()" file="main.go:51"
time="2024-04-22T22:19:35+05:00" level=info msg="Create router" func="main.main()" file="main.go:60"
time="2024-04-22T22:19:35+05:00" level=info msg="Listen tcp" func="main.main()" file="main.go:64"
time="2024-04-22T22:19:35+05:00" level=info msg="Запуск веб-сервера на http: 127.0.0.1:4000" func="main.main()" file="main.go:76"
time="2024-04-22T22:19:55+05:00" level=info msg="expected 0 arguments, got 1" func="api_catalog_car/internal/database.(*DB).IssuanceCatalogSortPage()" file="catalog.go:175"
time="2024-04-22T22:19:55+05:00" level=info msg="expected 0 arguments, got 1" func="api_catalog_car/internal/api.(*Api).PageCatalogGet()" file="handler.go:43"
time="2024-04-22T22:21:12+05:00" level=info msg="Load config" func="main.main()" file="main.go:31"
time="2024-04-22T22:21:12+05:00" level=info msg="Creat logger" func="main.main()" file="main.go:32"
time="2024-04-22T22:21:12+05:00" level=info msg="Migrations database Postgres" func="main.main()" file="main.go:35"
time="2024-04-22T22:21:13+05:00" level=info msg="Connection database Postgres" func="main.main()" file="main.go:51"
time="2024-04-22T22:21:13+05:00" level=info msg="Create router" func="main.main()" file="main.go:60"
time="2024-04-22T22:21:13+05:00" level=info msg="Listen tcp" func="main.main()" file="main.go:64"
time="2024-04-22T22:21:13+05:00" level=info msg="Запуск веб-сервера на http: 127.0.0.1:4000" func="main.main()" file="main.go:76"
time="2024-04-22T22:26:50+05:00" level=info msg=400 func="api_catalog_car/internal/api.(*Api).PageCatalogGet()" file="handler.go:43"
